<?xml version="1.0" encoding="UTF-8"?>
<!-- Generated by org.testng.reporters.JUnitXMLReporter -->
<testsuite hostname="ASDP1758PO02529" name="Surefire test" tests="4" failures="0" timestamp="5 Sep 2017 13:22:47 GMT" time="47.694" errors="0">
  <testcase name="ckickOnHotel" time="6.17" classname="com.qait.tests.MMTTest"/>
  <testcase name="searchForHotel" time="10.254" classname="com.qait.tests.MMTTest"/>
  <testcase name="clickSearchButton" time="7.825" classname="com.qait.tests.MMTTest"/>
  <testcase name="clickPriceButton" time="13.232" classname="com.qait.tests.MMTTest"/>
</testsuite> <!-- Surefire test -->
