<?xml version="1.0" encoding="UTF-8"?>
<testng-results skipped="0" failed="0" total="4" passed="4">
  <reporter-output>
  </reporter-output>
  <suite name="Default suite" duration-ms="30766" started-at="2017-09-04T13:18:44Z" finished-at="2017-09-04T13:19:15Z">
    <groups>
    </groups>
    <test name="Default test" duration-ms="30766" started-at="2017-09-04T13:18:44Z" finished-at="2017-09-04T13:19:15Z">
      <class name="com.qait.tests.LoginPageTest">
        <test-method status="PASS" signature="oneTimeSetUp()[pri:0, instance:com.qait.tests.LoginPageTest@d8355a8]" name="oneTimeSetUp" is-config="true" duration-ms="8468" started-at="2017-09-04T18:48:44Z" finished-at="2017-09-04T18:48:52Z">
          <reporter-output>
          </reporter-output>
        </test-method> <!-- oneTimeSetUp -->
        <test-method status="PASS" signature="ckickOnHotel()[pri:1, instance:com.qait.tests.LoginPageTest@d8355a8]" name="ckickOnHotel" duration-ms="2412" started-at="2017-09-04T18:48:52Z" finished-at="2017-09-04T18:48:55Z">
          <reporter-output>
          </reporter-output>
        </test-method> <!-- ckickOnHotel -->
        <test-method status="PASS" signature="searchForHotel()[pri:2, instance:com.qait.tests.LoginPageTest@d8355a8]" name="searchForHotel" duration-ms="6329" started-at="2017-09-04T18:48:55Z" finished-at="2017-09-04T18:49:01Z">
          <reporter-output>
          </reporter-output>
        </test-method> <!-- searchForHotel -->
        <test-method status="PASS" signature="clickSearchButton()[pri:3, instance:com.qait.tests.LoginPageTest@d8355a8]" name="clickSearchButton" duration-ms="4613" started-at="2017-09-04T18:49:01Z" finished-at="2017-09-04T18:49:06Z">
          <reporter-output>
          </reporter-output>
        </test-method> <!-- clickSearchButton -->
        <test-method status="PASS" signature="clickPriceButton()[pri:4, instance:com.qait.tests.LoginPageTest@d8355a8]" name="clickPriceButton" duration-ms="6609" started-at="2017-09-04T18:49:06Z" finished-at="2017-09-04T18:49:12Z">
          <reporter-output>
          </reporter-output>
        </test-method> <!-- clickPriceButton -->
        <test-method status="PASS" signature="tearDown()[pri:0, instance:com.qait.tests.LoginPageTest@d8355a8]" name="tearDown" is-config="true" duration-ms="2314" started-at="2017-09-04T18:49:12Z" finished-at="2017-09-04T18:49:15Z">
          <reporter-output>
          </reporter-output>
        </test-method> <!-- tearDown -->
      </class> <!-- com.qait.tests.LoginPageTest -->
    </test> <!-- Default test -->
  </suite> <!-- Default suite -->
</testng-results>
